[debug] [2019-11-15T02:52:48.169Z] ----------------------------------------------------------------------
[debug] [2019-11-15T02:52:48.171Z] Command:       C:\Program Files\nodejs\node.exe C:\Users\raju\AppData\Roaming\npm\node_modules\firebase-tools\lib\bin\firebase.js serve
[debug] [2019-11-15T02:52:48.171Z] CLI Version:   7.7.0
[debug] [2019-11-15T02:52:48.171Z] Platform:      win32
[debug] [2019-11-15T02:52:48.171Z] Node Version:  v12.13.0
[debug] [2019-11-15T02:52:48.172Z] Time:          Thu Nov 14 2019 20:52:48 GMT-0600 (Central Standard Time)
[debug] [2019-11-15T02:52:48.172Z] ----------------------------------------------------------------------
[debug] [2019-11-15T02:52:48.172Z] 
[debug] [2019-11-15T02:52:48.180Z] > command requires scopes: ["email","openid","https://www.googleapis.com/auth/cloudplatformprojects.readonly","https://www.googleapis.com/auth/firebase","https://www.googleapis.com/auth/cloud-platform"]
[debug] [2019-11-15T02:52:48.181Z] > authorizing via signed-in user
[debug] [2019-11-15T02:52:48.181Z] [iam] checking project delphi-7ece8 for permissions ["firebase.projects.get"]
[debug] [2019-11-15T02:52:48.183Z] >>> HTTP REQUEST POST https://cloudresourcemanager.googleapis.com/v1/projects/delphi-7ece8:testIamPermissions  

[debug] [2019-11-15T02:52:48.435Z] <<< HTTP RESPONSE 200
[debug] [2019-11-15T02:52:48.438Z] >>> HTTP REQUEST GET https://firebase.googleapis.com/v1beta1/projects/delphi-7ece8  
 
[debug] [2019-11-15T02:52:48.575Z] <<< HTTP RESPONSE 200
[info] 
[info] === Serving from 'C:\Users\raju\Desktop\Comp Sci\FireStorm'...
[info] 
[debug] [2019-11-15T02:52:48.580Z] >>> HTTP REQUEST GET https://firebase.googleapis.com/v1beta1/projects/delphi-7ece8/webApps/-/config  
 
[debug] [2019-11-15T02:52:48.767Z] <<< HTTP RESPONSE 200
[info] i  hosting: Serving hosting files from: public
[info] +  hosting: Local server: http://localhost:5000
